 2024-12-15 21:52:41,772 INFO     Main: run in hybird
 2024-12-15 21:52:43,952 INFO     00:00:05.01  Producer: start reading chunks.
 2024-12-15 21:52:43,953 INFO     Initializing RarFile object...
 2024-12-15 21:52:43,969 INFO     00:00:05.03  consumer:start filtering chunks using AhoCorasick.
 2024-12-15 21:52:43,986 INFO     RarFile object initialized successfully.
 2024-12-15 21:52:44,747 INFO     00:00:05.80  Producer:read 1 chunks and send it into input queue.
 2024-12-15 21:52:44,912 INFO     00:00:05.97  Consumer: finish filtering chunk number 1
 2024-12-15 21:52:44,984 INFO     00:00:06.04  Producer:read 2 chunks and send it into input queue.
 2024-12-15 21:52:45,138 INFO     00:00:06.20  Consumer: finish filtering chunk number 2
 2024-12-15 21:52:45,235 INFO     00:00:06.29  Producer:read 3 chunks and send it into input queue.
 2024-12-15 21:52:45,427 INFO     00:00:06.48  Consumer: finish filtering chunk number 3
 2024-12-15 21:52:45,495 INFO     00:00:06.55  Producer:read 4 chunks and send it into input queue.
 2024-12-15 21:52:45,736 INFO     00:00:06.79  Consumer: finish filtering chunk number 4
 2024-12-15 21:52:45,812 INFO     00:00:06.87  Producer:read 5 chunks and send it into input queue.
 2024-12-15 21:52:46,027 INFO     00:00:07.08  Consumer: finish filtering chunk number 5
 2024-12-15 21:52:46,088 INFO     00:00:07.15  Producer:read 6 chunks and send it into input queue.
 2024-12-15 21:52:46,261 INFO     00:00:07.32  consumer:start filtering chunks using AhoCorasick.
 2024-12-15 21:52:46,395 INFO     00:00:07.45  Producer:read 7 chunks and send it into input queue.
 2024-12-15 21:52:46,437 INFO     00:00:07.49  Consumer: finish filtering chunk number 6
 2024-12-15 21:52:46,737 INFO     00:00:07.80  Consumer: finish filtering chunk number 7
 2024-12-15 21:52:46,748 INFO     00:00:07.81  Producer:read 8 chunks and send it into input queue.
 2024-12-15 21:52:47,046 INFO     00:00:08.10  Producer:read 9 chunks and send it into input queue.
 2024-12-15 21:52:47,095 INFO     00:00:08.15  Consumer: finish filtering chunk number 8
 2024-12-15 21:52:47,361 INFO     00:00:08.42  Consumer: finish filtering chunk number 9
 2024-12-15 21:52:47,426 INFO     00:00:08.48  Producer:read 10 chunks and send it into input queue.
 2024-12-15 21:52:47,705 INFO     00:00:08.76  Consumer: finish filtering chunk number 10
 2024-12-15 21:52:47,715 INFO     00:00:08.77  Producer:read 11 chunks and send it into input queue.
 2024-12-15 21:52:47,938 INFO     00:00:09.00  Consumer: finish filtering chunk number 11
 2024-12-15 21:52:48,015 INFO     00:00:09.07  Producer:read 12 chunks and send it into input queue.
 2024-12-15 21:52:48,387 INFO     00:00:09.44  Consumer: finish filtering chunk number 12
 2024-12-15 21:52:48,394 INFO     00:00:09.45  Producer:read 13 chunks and send it into input queue.
 2024-12-15 21:52:48,619 INFO     00:00:09.68  Consumer: finish filtering chunk number 13
 2024-12-15 21:52:48,653 INFO     00:00:09.71  Producer:read 14 chunks and send it into input queue.
 2024-12-15 21:52:48,825 INFO     00:00:09.88  Consumer: finish filtering chunk number 14
 2024-12-15 21:52:48,898 INFO     00:00:09.96  Producer:read 15 chunks and send it into input queue.
 2024-12-15 21:52:49,075 INFO     00:00:10.13  Consumer: finish filtering chunk number 15
 2024-12-15 21:52:49,154 INFO     00:00:10.21  Producer:read 16 chunks and send it into input queue.
 2024-12-15 21:52:49,296 INFO     00:00:10.35  Consumer: finish filtering chunk number 16
 2024-12-15 21:52:49,310 INFO     00:00:10.37  consumer:start filtering chunks using AhoCorasick.
 2024-12-15 21:52:49,351 INFO     00:00:10.41  Producer:read 17 chunks and send it into input queue.
 2024-12-15 21:52:49,469 INFO     00:00:10.53  Consumer: finish filtering chunk number 17
 2024-12-15 21:52:49,569 INFO     00:00:10.63  Producer:read 18 chunks and send it into input queue.
 2024-12-15 21:52:49,677 INFO     00:00:10.73  Consumer: finish filtering chunk number 18
 2024-12-15 21:52:49,788 INFO     00:00:10.85  Producer:read 19 chunks and send it into input queue.
 2024-12-15 21:52:49,940 INFO     00:00:11.00  Consumer: finish filtering chunk number 19
 2024-12-15 21:52:50,030 INFO     00:00:11.09  Producer:read 20 chunks and send it into input queue.
 2024-12-15 21:52:50,186 INFO     00:00:11.24  Consumer: finish filtering chunk number 20
 2024-12-15 21:52:50,235 INFO     00:00:11.29  Producer:read 21 chunks and send it into input queue.
 2024-12-15 21:52:50,343 INFO     00:00:11.40  Consumer: finish filtering chunk number 21
 2024-12-15 21:52:50,452 INFO     00:00:11.51  Producer:read 22 chunks and send it into input queue.
 2024-12-15 21:52:50,587 INFO     00:00:11.64  Consumer: finish filtering chunk number 22
 2024-12-15 21:52:50,659 INFO     00:00:11.72  Producer:read 23 chunks and send it into input queue.
 2024-12-15 21:52:50,783 INFO     00:00:11.84  Consumer: finish filtering chunk number 23
 2024-12-15 21:52:50,890 INFO     00:00:11.95  Producer:read 24 chunks and send it into input queue.
 2024-12-15 21:52:51,018 INFO     00:00:12.08  Consumer: finish filtering chunk number 24
 2024-12-15 21:52:51,124 INFO     00:00:12.18  Producer:read 25 chunks and send it into input queue.
 2024-12-15 21:52:51,256 INFO     00:00:12.31  Consumer: finish filtering chunk number 25
 2024-12-15 21:52:51,351 INFO     00:00:12.41  Producer:read 26 chunks and send it into input queue.
 2024-12-15 21:52:51,462 INFO     00:00:12.52  Consumer: finish filtering chunk number 26
 2024-12-15 21:52:51,555 INFO     00:00:12.61  Producer:read 27 chunks and send it into input queue.
 2024-12-15 21:52:51,693 INFO     00:00:12.75  Consumer: finish filtering chunk number 27
 2024-12-15 21:52:51,761 INFO     00:00:12.82  Producer:read 28 chunks and send it into input queue.
 2024-12-15 21:52:51,885 INFO     00:00:12.94  Consumer: finish filtering chunk number 28
 2024-12-15 21:52:51,980 INFO     00:00:13.04  Producer:read 29 chunks and send it into input queue.
 2024-12-15 21:52:52,098 INFO     00:00:13.16  Consumer: finish filtering chunk number 29
 2024-12-15 21:52:52,197 INFO     00:00:13.25  Producer:read 30 chunks and send it into input queue.
 2024-12-15 21:52:52,319 INFO     00:00:13.38  Consumer: finish filtering chunk number 30
 2024-12-15 21:52:52,408 INFO     00:00:13.47  Producer:read 31 chunks and send it into input queue.
 2024-12-15 21:52:52,521 INFO     00:00:13.58  Consumer: finish filtering chunk number 31
 2024-12-15 21:52:52,603 INFO     00:00:13.66  Producer:read 32 chunks and send it into input queue.
 2024-12-15 21:52:52,722 INFO     00:00:13.78  Consumer: finish filtering chunk number 32
 2024-12-15 21:52:52,816 INFO     00:00:13.87  Producer:read 33 chunks and send it into input queue.
 2024-12-15 21:52:52,977 INFO     00:00:14.03  Consumer: finish filtering chunk number 33
 2024-12-15 21:52:53,076 INFO     00:00:14.13  Producer:read 34 chunks and send it into input queue.
 2024-12-15 21:52:53,194 INFO     00:00:14.25  Consumer: finish filtering chunk number 34
 2024-12-15 21:52:53,268 INFO     00:00:14.33  Producer:read 35 chunks and send it into input queue.
 2024-12-15 21:52:53,382 INFO     00:00:14.44  Consumer: finish filtering chunk number 35
 2024-12-15 21:52:53,477 INFO     00:00:14.53  Producer:read 36 chunks and send it into input queue.
 2024-12-15 21:52:53,614 INFO     00:00:14.67  Consumer: finish filtering chunk number 36
 2024-12-15 21:52:53,704 INFO     00:00:14.76  Producer:read 37 chunks and send it into input queue.
 2024-12-15 21:52:53,818 INFO     00:00:14.88  Consumer: finish filtering chunk number 37
 2024-12-15 21:52:53,916 INFO     00:00:14.97  Producer:read 38 chunks and send it into input queue.
 2024-12-15 21:52:54,097 INFO     00:00:15.15  Consumer: finish filtering chunk number 38
 2024-12-15 21:52:54,153 INFO     00:00:15.21  Producer:read 39 chunks and send it into input queue.
 2024-12-15 21:52:54,277 INFO     00:00:15.33  Consumer: finish filtering chunk number 39
 2024-12-15 21:52:54,362 INFO     00:00:15.42  Producer:read 40 chunks and send it into input queue.
 2024-12-15 21:52:54,524 INFO     00:00:15.58  Consumer: finish filtering chunk number 40
 2024-12-15 21:52:54,602 INFO     00:00:15.66  Producer:read 41 chunks and send it into input queue.
 2024-12-15 21:52:54,786 INFO     00:00:15.84  Consumer: finish filtering chunk number 41
 2024-12-15 21:52:54,888 INFO     00:00:15.95  Producer:read 42 chunks and send it into input queue.
 2024-12-15 21:52:55,038 INFO     00:00:16.10  Consumer: finish filtering chunk number 42
 2024-12-15 21:52:55,118 INFO     00:00:16.18  Producer:read 43 chunks and send it into input queue.
 2024-12-15 21:52:55,240 INFO     00:00:16.30  Consumer: finish filtering chunk number 43
 2024-12-15 21:52:55,332 INFO     00:00:16.39  Producer:read 44 chunks and send it into input queue.
 2024-12-15 21:52:55,486 INFO     00:00:16.54  Consumer: finish filtering chunk number 44
 2024-12-15 21:52:55,609 INFO     00:00:16.67  Producer:read 45 chunks and send it into input queue.
 2024-12-15 21:52:55,755 INFO     00:00:16.81  Consumer: finish filtering chunk number 45
 2024-12-15 21:52:55,846 INFO     00:00:16.90  Producer:read 46 chunks and send it into input queue.
 2024-12-15 21:52:56,050 INFO     00:00:17.11  Consumer: finish filtering chunk number 46
 2024-12-15 21:52:56,103 INFO     00:00:17.16  Producer:read 47 chunks and send it into input queue.
 2024-12-15 21:52:56,218 INFO     00:00:17.28  Consumer: finish filtering chunk number 47
 2024-12-15 21:52:56,324 INFO     00:00:17.38  Producer:read 48 chunks and send it into input queue.
 2024-12-15 21:52:56,482 INFO     00:00:17.54  Consumer: finish filtering chunk number 48
 2024-12-15 21:52:56,608 INFO     00:00:17.67  Producer:read 49 chunks and send it into input queue.
 2024-12-15 21:52:56,780 INFO     00:00:17.84  Consumer: finish filtering chunk number 49
 2024-12-15 21:52:56,870 INFO     00:00:17.93  Producer:read 50 chunks and send it into input queue.
 2024-12-15 21:52:57,017 INFO     00:00:18.07  Consumer: finish filtering chunk number 50
 2024-12-15 21:52:57,106 INFO     00:00:18.16  Producer:read 51 chunks and send it into input queue.
 2024-12-15 21:52:57,228 INFO     00:00:18.29  Consumer: finish filtering chunk number 51
 2024-12-15 21:52:57,307 INFO     00:00:18.36  Producer:read 52 chunks and send it into input queue.
 2024-12-15 21:52:57,466 INFO     00:00:18.52  Consumer: finish filtering chunk number 52
 2024-12-15 21:52:57,563 INFO     00:00:18.62  Producer:read 53 chunks and send it into input queue.
 2024-12-15 21:52:57,753 INFO     00:00:18.81  Consumer: finish filtering chunk number 53
 2024-12-15 21:52:57,827 INFO     00:00:18.89  Producer:read 54 chunks and send it into input queue.
 2024-12-15 21:52:58,000 INFO     00:00:19.06  Consumer: finish filtering chunk number 54
 2024-12-15 21:52:58,070 INFO     00:00:19.13  Producer:read 55 chunks and send it into input queue.
 2024-12-15 21:52:58,194 INFO     00:00:19.25  Consumer: finish filtering chunk number 55
 2024-12-15 21:52:58,285 INFO     00:00:19.34  Producer:read 56 chunks and send it into input queue.
 2024-12-15 21:52:58,446 INFO     00:00:19.50  Consumer: finish filtering chunk number 56
 2024-12-15 21:52:58,535 INFO     00:00:19.59  Producer:read 57 chunks and send it into input queue.
 2024-12-15 21:52:58,689 INFO     00:00:19.75  Consumer: finish filtering chunk number 57
 2024-12-15 21:52:58,760 INFO     00:00:19.82  Producer:read 58 chunks and send it into input queue.
 2024-12-15 21:52:58,936 INFO     00:00:19.99  Consumer: finish filtering chunk number 58
 2024-12-15 21:52:59,042 INFO     00:00:20.10  Producer:read 59 chunks and send it into input queue.
 2024-12-15 21:52:59,162 INFO     00:00:20.22  Consumer: finish filtering chunk number 59
 2024-12-15 21:52:59,244 INFO     00:00:20.30  Producer:read 60 chunks and send it into input queue.
 2024-12-15 21:52:59,365 INFO     00:00:20.42  Consumer: finish filtering chunk number 60
 2024-12-15 21:52:59,482 INFO     00:00:20.54  Producer:read 61 chunks and send it into input queue.
 2024-12-15 21:52:59,651 INFO     00:00:20.71  Consumer: finish filtering chunk number 61
 2024-12-15 21:52:59,719 INFO     00:00:20.78  Producer:read 62 chunks and send it into input queue.
 2024-12-15 21:52:59,880 INFO     00:00:20.94  Consumer: finish filtering chunk number 62
 2024-12-15 21:52:59,948 INFO     00:00:21.01  Producer:read 63 chunks and send it into input queue.
 2024-12-15 21:53:00,128 INFO     00:00:21.19  Consumer: finish filtering chunk number 63
 2024-12-15 21:53:00,189 INFO     00:00:21.25  Producer:read 64 chunks and send it into input queue.
 2024-12-15 21:53:00,328 INFO     00:00:21.39  Consumer: finish filtering chunk number 64
 2024-12-15 21:53:00,387 INFO     00:00:21.44  Producer:read 65 chunks and send it into input queue.
 2024-12-15 21:53:00,543 INFO     00:00:21.60  Consumer: finish filtering chunk number 65
 2024-12-15 21:53:00,649 INFO     00:00:21.71  Producer:read 66 chunks and send it into input queue.
 2024-12-15 21:53:00,870 INFO     00:00:21.93  Consumer: finish filtering chunk number 66
 2024-12-15 21:53:00,925 INFO     00:00:21.98  Producer:read 67 chunks and send it into input queue.
 2024-12-15 21:53:01,077 INFO     00:00:22.13  Consumer: finish filtering chunk number 67
 2024-12-15 21:53:01,124 INFO     00:00:22.18  Producer:read 68 chunks and send it into input queue.
 2024-12-15 21:53:01,253 INFO     00:00:22.31  Consumer: finish filtering chunk number 68
 2024-12-15 21:53:01,341 INFO     00:00:22.40  Producer:read 69 chunks and send it into input queue.
 2024-12-15 21:53:01,512 INFO     00:00:22.57  Consumer: finish filtering chunk number 69
 2024-12-15 21:53:01,604 INFO     00:00:22.66  Producer:read 70 chunks and send it into input queue.
 2024-12-15 21:53:01,776 INFO     00:00:22.83  Consumer: finish filtering chunk number 70
 2024-12-15 21:53:01,848 INFO     00:00:22.91  Producer:read 71 chunks and send it into input queue.
 2024-12-15 21:53:01,986 INFO     00:00:23.04  Consumer: finish filtering chunk number 71
 2024-12-15 21:53:02,120 INFO     00:00:23.18  Producer:read 72 chunks and send it into input queue.
 2024-12-15 21:53:02,248 INFO     00:00:23.31  Consumer: finish filtering chunk number 72
 2024-12-15 21:53:02,370 INFO     00:00:23.43  Producer:read 73 chunks and send it into input queue.
 2024-12-15 21:53:02,526 INFO     00:00:23.58  Consumer: finish filtering chunk number 73
 2024-12-15 21:53:02,593 INFO     00:00:23.65  Producer:read 74 chunks and send it into input queue.
 2024-12-15 21:53:02,773 INFO     00:00:23.83  Consumer: finish filtering chunk number 74
 2024-12-15 21:53:02,873 INFO     00:00:23.93  Producer:read 75 chunks and send it into input queue.
 2024-12-15 21:53:03,052 INFO     00:00:24.11  Consumer: finish filtering chunk number 75
 2024-12-15 21:53:03,111 INFO     00:00:24.17  Producer:read 76 chunks and send it into input queue.
 2024-12-15 21:53:03,237 INFO     00:00:24.30  Consumer: finish filtering chunk number 76
 2024-12-15 21:53:03,351 INFO     00:00:24.41  Producer:read 77 chunks and send it into input queue.
 2024-12-15 21:53:03,536 INFO     00:00:24.59  Consumer: finish filtering chunk number 77
 2024-12-15 21:53:03,655 INFO     00:00:24.71  Producer:read 78 chunks and send it into input queue.
 2024-12-15 21:53:03,818 INFO     00:00:24.88  Consumer: finish filtering chunk number 78
 2024-12-15 21:53:03,947 INFO     00:00:25.00  Producer:read 79 chunks and send it into input queue.
 2024-12-15 21:53:04,096 INFO     00:00:25.15  Consumer: finish filtering chunk number 79
 2024-12-15 21:53:04,156 INFO     00:00:25.21  Producer:read 80 chunks and send it into input queue.
 2024-12-15 21:53:04,272 INFO     00:00:25.33  Consumer: finish filtering chunk number 80
 2024-12-15 21:53:04,389 INFO     00:00:25.45  Producer:read 81 chunks and send it into input queue.
 2024-12-15 21:53:04,576 INFO     00:00:25.63  Consumer: finish filtering chunk number 81
 2024-12-15 21:53:04,702 INFO     00:00:25.76  Producer:read 82 chunks and send it into input queue.
 2024-12-15 21:53:04,928 INFO     00:00:25.99  Consumer: finish filtering chunk number 82
 2024-12-15 21:53:04,981 INFO     00:00:26.04  Producer:read 83 chunks and send it into input queue.
 2024-12-15 21:53:05,148 INFO     00:00:26.21  Consumer: finish filtering chunk number 83
 2024-12-15 21:53:05,238 INFO     00:00:26.30  Producer:read 84 chunks and send it into input queue.
 2024-12-15 21:53:05,451 INFO     00:00:26.51  Consumer: finish filtering chunk number 84
 2024-12-15 21:53:05,512 INFO     00:00:26.57  Producer:read 85 chunks and send it into input queue.
 2024-12-15 21:53:05,714 INFO     00:00:26.77  Consumer: finish filtering chunk number 85
 2024-12-15 21:53:05,785 INFO     00:00:26.84  Producer:read 86 chunks and send it into input queue.
 2024-12-15 21:53:05,963 INFO     00:00:27.02  Consumer: finish filtering chunk number 86
 2024-12-15 21:53:06,041 INFO     00:00:27.10  Producer:read 87 chunks and send it into input queue.
 2024-12-15 21:53:06,174 INFO     00:00:27.23  Consumer: finish filtering chunk number 87
 2024-12-15 21:53:06,243 INFO     00:00:27.30  Producer:read 88 chunks and send it into input queue.
 2024-12-15 21:53:06,381 INFO     00:00:27.44  Consumer: finish filtering chunk number 88
 2024-12-15 21:53:06,495 INFO     00:00:27.55  Producer:read 89 chunks and send it into input queue.
 2024-12-15 21:53:06,685 INFO     00:00:27.74  Consumer: finish filtering chunk number 89
 2024-12-15 21:53:06,765 INFO     00:00:27.82  Producer:read 90 chunks and send it into input queue.
 2024-12-15 21:53:06,912 INFO     00:00:27.97  Consumer: finish filtering chunk number 90
 2024-12-15 21:53:06,988 INFO     00:00:28.05  Producer:read 91 chunks and send it into input queue.
 2024-12-15 21:53:07,131 INFO     00:00:28.19  Consumer: finish filtering chunk number 91
 2024-12-15 21:53:07,230 INFO     00:00:28.29  Producer:read 92 chunks and send it into input queue.
 2024-12-15 21:53:07,482 INFO     00:00:28.54  Consumer: finish filtering chunk number 92
 2024-12-15 21:53:07,527 INFO     00:00:28.58  Producer:read 93 chunks and send it into input queue.
 2024-12-15 21:53:07,813 INFO     00:00:28.87  Producer:read 94 chunks and send it into input queue.
 2024-12-15 21:53:07,827 INFO     00:00:28.89  Consumer: finish filtering chunk number 93
 2024-12-15 21:53:08,011 INFO     00:00:29.07  Consumer: finish filtering chunk number 94
 2024-12-15 21:53:08,033 INFO     00:00:29.09  Producer:read 95 chunks and send it into input queue.
 2024-12-15 21:53:08,181 INFO     00:00:29.24  Consumer: finish filtering chunk number 95
 2024-12-15 21:53:08,242 INFO     00:00:29.30  Producer:read 96 chunks and send it into input queue.
 2024-12-15 21:53:08,413 INFO     00:00:29.47  Consumer: finish filtering chunk number 96
 2024-12-15 21:53:08,512 INFO     00:00:29.57  Producer:read 97 chunks and send it into input queue.
 2024-12-15 21:53:08,665 INFO     00:00:29.72  Consumer: finish filtering chunk number 97
 2024-12-15 21:53:08,760 INFO     00:00:29.82  Producer:read 98 chunks and send it into input queue.
 2024-12-15 21:53:08,957 INFO     00:00:30.01  Consumer: finish filtering chunk number 98
 2024-12-15 21:53:09,042 INFO     00:00:30.10  Producer:read 99 chunks and send it into input queue.
 2024-12-15 21:53:09,258 INFO     00:00:30.32  Consumer: finish filtering chunk number 99
 2024-12-15 21:53:09,288 INFO     00:00:30.35  Producer:read 100 chunks and send it into input queue.
 2024-12-15 21:53:09,297 INFO     00:00:30.35  Producer: finish reading all chunks.
 2024-12-15 21:53:09,300 INFO     00:00:30.36  Consumer:finish of filtering chunks using AhoCorasick.
 2024-12-15 21:53:09,305 INFO     00:00:30.36  Consumer:finish of filtering chunks using AhoCorasick.
 2024-12-15 21:53:09,623 INFO     00:00:30.68  Consumer: finish filtering chunk number 100
 2024-12-15 21:53:09,625 INFO     00:00:30.68  Consumer:finish of filtering chunks using AhoCorasick.
 2024-12-15 21:53:09,828 INFO     00:00:30.89  Writer:starting write excel and csv files statistics ....
 2024-12-15 21:53:09,911 INFO     00:00:30.97  Writer:finish of write excel and csv files statistics .
 2024-12-15 21:59:00,220 INFO     Main: run in hybird
 2024-12-15 21:59:02,535 INFO     00:00:05.58  Producer: start reading chunks.
 2024-12-15 21:59:02,535 INFO     Initializing RarFile object...
 2024-12-15 21:59:02,536 INFO     RarFile object initialized successfully.
 2024-12-15 21:59:02,631 INFO     00:00:05.68  consumer:start filtering chunks using AhoCorasick.
 2024-12-15 21:59:03,244 INFO     00:00:06.29  Producer:read 1 chunks and send it into input queue.
 2024-12-15 21:59:03,455 INFO     00:00:06.50  Consumer: finish filtering chunk number 1
 2024-12-15 21:59:03,522 INFO     00:00:06.57  Producer:read 2 chunks and send it into input queue.
 2024-12-15 21:59:03,761 INFO     00:00:06.81  Consumer: finish filtering chunk number 2
 2024-12-15 21:59:03,790 INFO     00:00:06.83  Producer:read 3 chunks and send it into input queue.
 2024-12-15 21:59:03,962 INFO     00:00:07.01  Consumer: finish filtering chunk number 3
 2024-12-15 21:59:04,004 INFO     00:00:07.05  Producer:read 4 chunks and send it into input queue.
 2024-12-15 21:59:04,204 INFO     00:00:07.25  Consumer: finish filtering chunk number 4
 2024-12-15 21:59:04,268 INFO     00:00:07.31  Producer:read 5 chunks and send it into input queue.
 2024-12-15 21:59:04,531 INFO     00:00:07.58  Consumer: finish filtering chunk number 5
 2024-12-15 21:59:04,584 INFO     00:00:07.63  Producer:read 6 chunks and send it into input queue.
 2024-12-15 21:59:04,821 INFO     00:00:07.87  Consumer: finish filtering chunk number 6
 2024-12-15 21:59:04,851 INFO     00:00:07.90  Producer:read 7 chunks and send it into input queue.
 2024-12-15 21:59:05,063 INFO     00:00:08.11  consumer:start filtering chunks using AhoCorasick.
 2024-12-15 21:59:05,077 INFO     00:00:08.12  Consumer: finish filtering chunk number 7
 2024-12-15 21:59:05,138 INFO     00:00:08.18  Producer:read 8 chunks and send it into input queue.
 2024-12-15 21:59:05,359 INFO     00:00:08.40  Consumer: finish filtering chunk number 8
 2024-12-15 21:59:05,393 INFO     00:00:08.44  Producer:read 9 chunks and send it into input queue.
 2024-12-15 21:59:05,672 INFO     00:00:08.72  Consumer: finish filtering chunk number 9
 2024-12-15 21:59:05,715 INFO     00:00:08.76  Producer:read 10 chunks and send it into input queue.
 2024-12-15 21:59:05,952 INFO     00:00:09.00  Consumer: finish filtering chunk number 10
 2024-12-15 21:59:05,983 INFO     00:00:09.03  Producer:read 11 chunks and send it into input queue.
 2024-12-15 21:59:06,187 INFO     00:00:09.23  Consumer: finish filtering chunk number 11
 2024-12-15 21:59:06,242 INFO     00:00:09.29  Producer:read 12 chunks and send it into input queue.
 2024-12-15 21:59:06,489 INFO     00:00:09.53  Consumer: finish filtering chunk number 12
 2024-12-15 21:59:06,543 INFO     00:00:09.59  Producer:read 13 chunks and send it into input queue.
 2024-12-15 21:59:06,899 INFO     00:00:09.94  Consumer: finish filtering chunk number 13
 2024-12-15 21:59:06,939 INFO     00:00:09.98  Producer:read 14 chunks and send it into input queue.
 2024-12-15 21:59:07,269 INFO     00:00:10.31  consumer:start filtering chunks using AhoCorasick.
 2024-12-15 21:59:07,310 INFO     00:00:10.35  Consumer: finish filtering chunk number 14
 2024-12-15 21:59:07,449 INFO     00:00:10.49  Producer:read 15 chunks and send it into input queue.
 2024-12-15 21:59:07,783 INFO     00:00:10.83  Consumer: finish filtering chunk number 15
 2024-12-15 21:59:07,890 INFO     00:00:10.93  Producer:read 16 chunks and send it into input queue.
 2024-12-15 21:59:08,017 INFO     00:00:11.06  Consumer: finish filtering chunk number 16
 2024-12-15 21:59:08,304 INFO     00:00:11.35  Producer:read 17 chunks and send it into input queue.
 2024-12-15 21:59:08,610 INFO     00:00:11.65  Consumer: finish filtering chunk number 17
 2024-12-15 21:59:08,749 INFO     00:00:11.79  Producer:read 18 chunks and send it into input queue.
 2024-12-15 21:59:09,084 INFO     00:00:12.13  Consumer: finish filtering chunk number 18
 2024-12-15 21:59:09,167 INFO     00:00:12.21  Producer:read 19 chunks and send it into input queue.
 2024-12-15 21:59:09,508 INFO     00:00:12.55  Consumer: finish filtering chunk number 19
 2024-12-15 21:59:09,600 INFO     00:00:12.64  Producer:read 20 chunks and send it into input queue.
 2024-12-15 21:59:09,980 INFO     00:00:13.02  Producer:read 21 chunks and send it into input queue.
 2024-12-15 21:59:09,981 INFO     00:00:13.02  Consumer: finish filtering chunk number 20
 2024-12-15 21:59:10,346 INFO     00:00:13.39  Consumer: finish filtering chunk number 21
 2024-12-15 21:59:10,417 INFO     00:00:13.46  Producer:read 22 chunks and send it into input queue.
 2024-12-15 21:59:10,758 INFO     00:00:13.80  Consumer: finish filtering chunk number 22
 2024-12-15 21:59:10,812 INFO     00:00:13.86  Producer:read 23 chunks and send it into input queue.
 2024-12-15 21:59:11,165 INFO     00:00:14.21  Consumer: finish filtering chunk number 23
 2024-12-15 21:59:11,242 INFO     00:00:14.29  Producer:read 24 chunks and send it into input queue.
 2024-12-15 21:59:11,587 INFO     00:00:14.63  Consumer: finish filtering chunk number 24
 2024-12-15 21:59:11,684 INFO     00:00:14.73  Producer:read 25 chunks and send it into input queue.
 2024-12-15 21:59:12,144 INFO     00:00:15.19  Producer:read 26 chunks and send it into input queue.
 2024-12-15 21:59:12,162 INFO     00:00:15.21  Consumer: finish filtering chunk number 25
 2024-12-15 21:59:12,602 INFO     00:00:15.65  Producer:read 27 chunks and send it into input queue.
 2024-12-15 21:59:12,609 INFO     00:00:15.65  Consumer: finish filtering chunk number 26
 2024-12-15 21:59:12,962 INFO     00:00:16.01  Producer:read 28 chunks and send it into input queue.
 2024-12-15 21:59:12,968 INFO     00:00:16.01  Consumer: finish filtering chunk number 27
 2024-12-15 21:59:13,283 INFO     00:00:16.33  Producer:read 29 chunks and send it into input queue.
 2024-12-15 21:59:13,285 INFO     00:00:16.33  Consumer: finish filtering chunk number 28
 2024-12-15 21:59:13,631 INFO     00:00:16.67  Producer:read 30 chunks and send it into input queue.
 2024-12-15 21:59:13,633 INFO     00:00:16.68  Consumer: finish filtering chunk number 29
 2024-12-15 21:59:13,854 INFO     00:00:16.90  Consumer: finish filtering chunk number 30
 2024-12-15 21:59:13,907 INFO     00:00:16.95  Producer:read 31 chunks and send it into input queue.
 2024-12-15 21:59:14,195 INFO     00:00:17.24  Consumer: finish filtering chunk number 31
 2024-12-15 21:59:14,205 INFO     00:00:17.25  Producer:read 32 chunks and send it into input queue.
 2024-12-15 21:59:14,570 INFO     00:00:17.61  Producer:read 33 chunks and send it into input queue.
 2024-12-15 21:59:14,572 INFO     00:00:17.61  Consumer: finish filtering chunk number 32
 2024-12-15 21:59:14,946 INFO     00:00:17.99  Consumer: finish filtering chunk number 33
 2024-12-15 21:59:14,957 INFO     00:00:18.00  Producer:read 34 chunks and send it into input queue.
 2024-12-15 21:59:15,263 INFO     00:00:18.31  Producer:read 35 chunks and send it into input queue.
 2024-12-15 21:59:15,361 INFO     00:00:18.41  Consumer: finish filtering chunk number 34
 2024-12-15 21:59:15,612 INFO     00:00:18.66  Producer:read 36 chunks and send it into input queue.
 2024-12-15 21:59:15,682 INFO     00:00:18.73  Consumer: finish filtering chunk number 35
 2024-12-15 21:59:15,964 INFO     00:00:19.01  Producer:read 37 chunks and send it into input queue.
 2024-12-15 21:59:15,964 INFO     00:00:19.01  Consumer: finish filtering chunk number 36
 2024-12-15 21:59:16,261 INFO     00:00:19.31  Producer:read 38 chunks and send it into input queue.
 2024-12-15 21:59:16,266 INFO     00:00:19.31  Consumer: finish filtering chunk number 37
 2024-12-15 21:59:16,519 INFO     00:00:19.56  Consumer: finish filtering chunk number 38
 2024-12-15 21:59:16,550 INFO     00:00:19.59  Producer:read 39 chunks and send it into input queue.
 2024-12-15 21:59:16,788 INFO     00:00:19.83  Consumer: finish filtering chunk number 39
 2024-12-15 21:59:16,828 INFO     00:00:19.87  Producer:read 40 chunks and send it into input queue.
 2024-12-15 21:59:17,099 INFO     00:00:20.14  Consumer: finish filtering chunk number 40
 2024-12-15 21:59:17,102 INFO     00:00:20.15  Producer:read 41 chunks and send it into input queue.
 2024-12-15 21:59:17,371 INFO     00:00:20.42  Consumer: finish filtering chunk number 41
 2024-12-15 21:59:17,409 INFO     00:00:20.45  Producer:read 42 chunks and send it into input queue.
 2024-12-15 21:59:17,716 INFO     00:00:20.76  Consumer: finish filtering chunk number 42
 2024-12-15 21:59:17,734 INFO     00:00:20.78  Producer:read 43 chunks and send it into input queue.
 2024-12-15 21:59:18,093 INFO     00:00:21.14  Producer:read 44 chunks and send it into input queue.
 2024-12-15 21:59:18,151 INFO     00:00:21.19  Consumer: finish filtering chunk number 43
 2024-12-15 21:59:18,460 INFO     00:00:21.50  Producer:read 45 chunks and send it into input queue.
 2024-12-15 21:59:18,464 INFO     00:00:21.51  Consumer: finish filtering chunk number 44
 2024-12-15 21:59:18,796 INFO     00:00:21.84  Producer:read 46 chunks and send it into input queue.
 2024-12-15 21:59:18,803 INFO     00:00:21.85  Consumer: finish filtering chunk number 45
 2024-12-15 21:59:19,135 INFO     00:00:22.18  Consumer: finish filtering chunk number 46
 2024-12-15 21:59:19,143 INFO     00:00:22.19  Producer:read 47 chunks and send it into input queue.
 2024-12-15 21:59:19,439 INFO     00:00:22.48  Consumer: finish filtering chunk number 47
 2024-12-15 21:59:19,475 INFO     00:00:22.52  Producer:read 48 chunks and send it into input queue.
 2024-12-15 21:59:19,792 INFO     00:00:22.84  Consumer: finish filtering chunk number 48
 2024-12-15 21:59:19,794 INFO     00:00:22.84  Producer:read 49 chunks and send it into input queue.
 2024-12-15 21:59:20,075 INFO     00:00:23.12  Consumer: finish filtering chunk number 49
 2024-12-15 21:59:20,092 INFO     00:00:23.14  Producer:read 50 chunks and send it into input queue.
 2024-12-15 21:59:20,374 INFO     00:00:23.42  Consumer: finish filtering chunk number 50
 2024-12-15 21:59:20,409 INFO     00:00:23.45  Producer:read 51 chunks and send it into input queue.
 2024-12-15 21:59:20,698 INFO     00:00:23.74  Consumer: finish filtering chunk number 51
 2024-12-15 21:59:20,747 INFO     00:00:23.79  Producer:read 52 chunks and send it into input queue.
 2024-12-15 21:59:21,027 INFO     00:00:24.07  Consumer: finish filtering chunk number 52
 2024-12-15 21:59:21,046 INFO     00:00:24.09  Producer:read 53 chunks and send it into input queue.
 2024-12-15 21:59:21,362 INFO     00:00:24.41  Producer:read 54 chunks and send it into input queue.
 2024-12-15 21:59:21,377 INFO     00:00:24.42  Consumer: finish filtering chunk number 53
 2024-12-15 21:59:21,632 INFO     00:00:24.68  Consumer: finish filtering chunk number 54
 2024-12-15 21:59:21,688 INFO     00:00:24.73  Producer:read 55 chunks and send it into input queue.
 2024-12-15 21:59:21,962 INFO     00:00:25.01  Consumer: finish filtering chunk number 55
 2024-12-15 21:59:21,989 INFO     00:00:25.03  Producer:read 56 chunks and send it into input queue.
 2024-12-15 21:59:22,264 INFO     00:00:25.31  Consumer: finish filtering chunk number 56
 2024-12-15 21:59:22,290 INFO     00:00:25.33  Producer:read 57 chunks and send it into input queue.
 2024-12-15 21:59:22,578 INFO     00:00:25.62  Producer:read 58 chunks and send it into input queue.
 2024-12-15 21:59:22,591 INFO     00:00:25.64  Consumer: finish filtering chunk number 57
 2024-12-15 21:59:22,837 INFO     00:00:25.88  Consumer: finish filtering chunk number 58
 2024-12-15 21:59:22,874 INFO     00:00:25.92  Producer:read 59 chunks and send it into input queue.
 2024-12-15 21:59:23,092 INFO     00:00:26.14  Consumer: finish filtering chunk number 59
 2024-12-15 21:59:23,131 INFO     00:00:26.18  Producer:read 60 chunks and send it into input queue.
 2024-12-15 21:59:23,331 INFO     00:00:26.38  Consumer: finish filtering chunk number 60
 2024-12-15 21:59:23,374 INFO     00:00:26.42  Producer:read 61 chunks and send it into input queue.
 2024-12-15 21:59:23,562 INFO     00:00:26.61  Consumer: finish filtering chunk number 61
 2024-12-15 21:59:23,598 INFO     00:00:26.64  Producer:read 62 chunks and send it into input queue.
 2024-12-15 21:59:23,770 INFO     00:00:26.81  Consumer: finish filtering chunk number 62
 2024-12-15 21:59:23,790 INFO     00:00:26.83  Producer:read 63 chunks and send it into input queue.
 2024-12-15 21:59:23,966 INFO     00:00:27.01  Consumer: finish filtering chunk number 63
 2024-12-15 21:59:24,025 INFO     00:00:27.07  Producer:read 64 chunks and send it into input queue.
 2024-12-15 21:59:24,268 INFO     00:00:27.31  Consumer: finish filtering chunk number 64
 2024-12-15 21:59:24,270 INFO     00:00:27.31  Producer:read 65 chunks and send it into input queue.
 2024-12-15 21:59:24,411 INFO     00:00:27.45  Consumer: finish filtering chunk number 65
 2024-12-15 21:59:24,476 INFO     00:00:27.52  Producer:read 66 chunks and send it into input queue.
 2024-12-15 21:59:24,630 INFO     00:00:27.67  Consumer: finish filtering chunk number 66
 2024-12-15 21:59:24,705 INFO     00:00:27.75  Producer:read 67 chunks and send it into input queue.
 2024-12-15 21:59:24,837 INFO     00:00:27.88  Consumer: finish filtering chunk number 67
 2024-12-15 21:59:24,894 INFO     00:00:27.94  Producer:read 68 chunks and send it into input queue.
 2024-12-15 21:59:25,042 INFO     00:00:28.09  Consumer: finish filtering chunk number 68
 2024-12-15 21:59:25,138 INFO     00:00:28.18  Producer:read 69 chunks and send it into input queue.
 2024-12-15 21:59:25,299 INFO     00:00:28.34  Consumer: finish filtering chunk number 69
 2024-12-15 21:59:25,398 INFO     00:00:28.44  Producer:read 70 chunks and send it into input queue.
 2024-12-15 21:59:25,545 INFO     00:00:28.59  Consumer: finish filtering chunk number 70
 2024-12-15 21:59:25,597 INFO     00:00:28.64  Producer:read 71 chunks and send it into input queue.
 2024-12-15 21:59:25,718 INFO     00:00:28.76  Consumer: finish filtering chunk number 71
 2024-12-15 21:59:25,821 INFO     00:00:28.87  Producer:read 72 chunks and send it into input queue.
 2024-12-15 21:59:25,952 INFO     00:00:29.00  Consumer: finish filtering chunk number 72
 2024-12-15 21:59:26,034 INFO     00:00:29.08  Producer:read 73 chunks and send it into input queue.
 2024-12-15 21:59:26,190 INFO     00:00:29.23  Consumer: finish filtering chunk number 73
 2024-12-15 21:59:26,276 INFO     00:00:29.32  Producer:read 74 chunks and send it into input queue.
 2024-12-15 21:59:26,427 INFO     00:00:29.47  Consumer: finish filtering chunk number 74
 2024-12-15 21:59:26,522 INFO     00:00:29.57  Producer:read 75 chunks and send it into input queue.
 2024-12-15 21:59:26,669 INFO     00:00:29.71  Consumer: finish filtering chunk number 75
 2024-12-15 21:59:26,780 INFO     00:00:29.82  Producer:read 76 chunks and send it into input queue.
 2024-12-15 21:59:26,911 INFO     00:00:29.96  Consumer: finish filtering chunk number 76
 2024-12-15 21:59:27,031 INFO     00:00:30.08  Producer:read 77 chunks and send it into input queue.
 2024-12-15 21:59:27,183 INFO     00:00:30.23  Consumer: finish filtering chunk number 77
 2024-12-15 21:59:27,317 INFO     00:00:30.36  Producer:read 78 chunks and send it into input queue.
 2024-12-15 21:59:27,444 INFO     00:00:30.49  Consumer: finish filtering chunk number 78
 2024-12-15 21:59:27,569 INFO     00:00:30.61  Producer:read 79 chunks and send it into input queue.
 2024-12-15 21:59:27,718 INFO     00:00:30.76  Consumer: finish filtering chunk number 79
 2024-12-15 21:59:27,808 INFO     00:00:30.85  Producer:read 80 chunks and send it into input queue.
 2024-12-15 21:59:27,975 INFO     00:00:31.02  Consumer: finish filtering chunk number 80
 2024-12-15 21:59:28,080 INFO     00:00:31.12  Producer:read 81 chunks and send it into input queue.
 2024-12-15 21:59:28,274 INFO     00:00:31.32  Consumer: finish filtering chunk number 81
 2024-12-15 21:59:28,353 INFO     00:00:31.40  Producer:read 82 chunks and send it into input queue.
 2024-12-15 21:59:28,519 INFO     00:00:31.56  Consumer: finish filtering chunk number 82
 2024-12-15 21:59:28,582 INFO     00:00:31.63  Producer:read 83 chunks and send it into input queue.
 2024-12-15 21:59:28,731 INFO     00:00:31.77  Consumer: finish filtering chunk number 83
 2024-12-15 21:59:28,824 INFO     00:00:31.87  Producer:read 84 chunks and send it into input queue.
 2024-12-15 21:59:28,993 INFO     00:00:32.04  Consumer: finish filtering chunk number 84
 2024-12-15 21:59:29,083 INFO     00:00:32.13  Producer:read 85 chunks and send it into input queue.
 2024-12-15 21:59:29,246 INFO     00:00:32.29  Consumer: finish filtering chunk number 85
 2024-12-15 21:59:29,354 INFO     00:00:32.40  Producer:read 86 chunks and send it into input queue.
 2024-12-15 21:59:29,497 INFO     00:00:32.54  Consumer: finish filtering chunk number 86
 2024-12-15 21:59:29,611 INFO     00:00:32.66  Producer:read 87 chunks and send it into input queue.
 2024-12-15 21:59:29,765 INFO     00:00:32.81  Consumer: finish filtering chunk number 87
 2024-12-15 21:59:29,816 INFO     00:00:32.86  Producer:read 88 chunks and send it into input queue.
 2024-12-15 21:59:29,949 INFO     00:00:32.99  Consumer: finish filtering chunk number 88
 2024-12-15 21:59:30,023 INFO     00:00:33.07  Producer:read 89 chunks and send it into input queue.
 2024-12-15 21:59:30,244 INFO     00:00:33.29  Consumer: finish filtering chunk number 89
 2024-12-15 21:59:30,270 INFO     00:00:33.31  Producer:read 90 chunks and send it into input queue.
 2024-12-15 21:59:30,436 INFO     00:00:33.48  Consumer: finish filtering chunk number 90
 2024-12-15 21:59:30,469 INFO     00:00:33.51  Producer:read 91 chunks and send it into input queue.
 2024-12-15 21:59:30,593 INFO     00:00:33.64  Consumer: finish filtering chunk number 91
 2024-12-15 21:59:30,697 INFO     00:00:33.74  Producer:read 92 chunks and send it into input queue.
 2024-12-15 21:59:30,836 INFO     00:00:33.88  Consumer: finish filtering chunk number 92
 2024-12-15 21:59:30,892 INFO     00:00:33.94  Producer:read 93 chunks and send it into input queue.
 2024-12-15 21:59:31,021 INFO     00:00:34.06  Consumer: finish filtering chunk number 93
 2024-12-15 21:59:31,117 INFO     00:00:34.16  Producer:read 94 chunks and send it into input queue.
 2024-12-15 21:59:31,244 INFO     00:00:34.29  Consumer: finish filtering chunk number 94
 2024-12-15 21:59:31,340 INFO     00:00:34.38  Producer:read 95 chunks and send it into input queue.
 2024-12-15 21:59:31,464 INFO     00:00:34.51  Consumer: finish filtering chunk number 95
 2024-12-15 21:59:31,563 INFO     00:00:34.61  Producer:read 96 chunks and send it into input queue.
 2024-12-15 21:59:31,694 INFO     00:00:34.74  Consumer: finish filtering chunk number 96
 2024-12-15 21:59:31,797 INFO     00:00:34.84  Producer:read 97 chunks and send it into input queue.
 2024-12-15 21:59:31,956 INFO     00:00:35.00  Consumer: finish filtering chunk number 97
 2024-12-15 21:59:32,009 INFO     00:00:35.05  Producer:read 98 chunks and send it into input queue.
 2024-12-15 21:59:32,158 INFO     00:00:35.20  Consumer: finish filtering chunk number 98
 2024-12-15 21:59:32,209 INFO     00:00:35.25  Producer:read 99 chunks and send it into input queue.
 2024-12-15 21:59:32,324 INFO     00:00:35.37  Consumer: finish filtering chunk number 99
 2024-12-15 21:59:32,383 INFO     00:00:35.43  Producer:read 100 chunks and send it into input queue.
 2024-12-15 21:59:32,391 INFO     00:00:35.44  Producer: finish reading all chunks.
 2024-12-15 21:59:32,395 INFO     00:00:35.44  Consumer:finish of filtering chunks using AhoCorasick.
 2024-12-15 21:59:32,399 INFO     00:00:35.44  Consumer:finish of filtering chunks using AhoCorasick.
 2024-12-15 21:59:32,547 INFO     00:00:35.59  Consumer: finish filtering chunk number 100
 2024-12-15 21:59:32,549 INFO     00:00:35.59  Consumer:finish of filtering chunks using AhoCorasick.
 2024-12-15 21:59:32,795 INFO     00:00:35.84  Writer:starting write excel and csv files statistics ....
 2024-12-15 21:59:32,907 INFO     00:00:35.95  Writer:finish of write excel and csv files statistics .
 2024-12-15 21:59:53,224 INFO     Main: run in hybird
 2024-12-15 22:00:29,396 INFO     Main: run in pool of processes
 2024-12-15 22:00:31,464 INFO     00:00:04.46  Producer: start reading chunks.
 2024-12-15 22:00:31,465 INFO     Initializing RarFile object...
 2024-12-15 22:00:31,467 INFO     RarFile object initialized successfully.
 2024-12-15 22:00:31,492 INFO     00:00:04.48  consumer:start filtering chunks using AhoCorasick.
 2024-12-15 22:00:31,980 INFO     00:00:04.97  Producer:read 1 chunks and send it into input queue.
 2024-12-15 22:00:32,205 INFO     00:00:05.20  Consumer: finish filtering chunk number 1
 2024-12-15 22:00:32,249 INFO     00:00:05.24  Producer:read 2 chunks and send it into input queue.
 2024-12-15 22:00:32,434 INFO     00:00:05.43  Consumer: finish filtering chunk number 2
 2024-12-15 22:00:32,510 INFO     00:00:05.50  Producer:read 3 chunks and send it into input queue.
 2024-12-15 22:00:32,745 INFO     00:00:05.74  Consumer: finish filtering chunk number 3
 2024-12-15 22:00:32,768 INFO     00:00:05.76  Producer:read 4 chunks and send it into input queue.
 2024-12-15 22:00:32,930 INFO     00:00:05.92  Consumer: finish filtering chunk number 4
 2024-12-15 22:00:33,005 INFO     00:00:06.00  Producer:read 5 chunks and send it into input queue.
 2024-12-15 22:00:33,143 INFO     00:00:06.14  Consumer: finish filtering chunk number 5
 2024-12-15 22:00:33,212 INFO     00:00:06.20  Producer:read 6 chunks and send it into input queue.
 2024-12-15 22:00:33,348 INFO     00:00:06.34  Consumer: finish filtering chunk number 6
 2024-12-15 22:00:33,405 INFO     00:00:06.40  Producer:read 7 chunks and send it into input queue.
 2024-12-15 22:00:33,493 INFO     00:00:06.49  consumer:start filtering chunks using AhoCorasick.
 2024-12-15 22:00:33,559 INFO     00:00:06.55  Consumer: finish filtering chunk number 7
 2024-12-15 22:00:33,639 INFO     00:00:06.63  Producer:read 8 chunks and send it into input queue.
 2024-12-15 22:00:33,762 INFO     00:00:06.75  Consumer: finish filtering chunk number 8
 2024-12-15 22:00:33,831 INFO     00:00:06.82  Producer:read 9 chunks and send it into input queue.
 2024-12-15 22:00:33,982 INFO     00:00:06.97  Consumer: finish filtering chunk number 9
 2024-12-15 22:00:34,065 INFO     00:00:07.06  Producer:read 10 chunks and send it into input queue.
 2024-12-15 22:00:34,185 INFO     00:00:07.18  Consumer: finish filtering chunk number 10
 2024-12-15 22:00:34,259 INFO     00:00:07.25  Producer:read 11 chunks and send it into input queue.
 2024-12-15 22:00:34,403 INFO     00:00:07.40  Consumer: finish filtering chunk number 11
 2024-12-15 22:00:34,496 INFO     00:00:07.49  Producer:read 12 chunks and send it into input queue.
 2024-12-15 22:00:34,653 INFO     00:00:07.65  Consumer: finish filtering chunk number 12
 2024-12-15 22:00:34,737 INFO     00:00:07.73  Producer:read 13 chunks and send it into input queue.
 2024-12-15 22:00:34,852 INFO     00:00:07.84  Consumer: finish filtering chunk number 13
 2024-12-15 22:00:34,933 INFO     00:00:07.93  Producer:read 14 chunks and send it into input queue.
 2024-12-15 22:00:35,048 INFO     00:00:08.04  Consumer: finish filtering chunk number 14
 2024-12-15 22:00:35,157 INFO     00:00:08.15  Producer:read 15 chunks and send it into input queue.
 2024-12-15 22:00:35,309 INFO     00:00:08.30  Consumer: finish filtering chunk number 15
 2024-12-15 22:00:35,398 INFO     00:00:08.39  Producer:read 16 chunks and send it into input queue.
 2024-12-15 22:00:35,583 INFO     00:00:08.58  Consumer: finish filtering chunk number 16
 2024-12-15 22:00:35,618 INFO     00:00:08.61  Producer:read 17 chunks and send it into input queue.
 2024-12-15 22:00:35,750 INFO     00:00:08.74  Consumer: finish filtering chunk number 17
 2024-12-15 22:00:35,829 INFO     00:00:08.82  Producer:read 18 chunks and send it into input queue.
 2024-12-15 22:00:35,949 INFO     00:00:08.94  Consumer: finish filtering chunk number 18
 2024-12-15 22:00:36,046 INFO     00:00:09.04  Producer:read 19 chunks and send it into input queue.
 2024-12-15 22:00:36,188 INFO     00:00:09.18  Consumer: finish filtering chunk number 19
 2024-12-15 22:00:36,280 INFO     00:00:09.27  Producer:read 20 chunks and send it into input queue.
 2024-12-15 22:00:36,410 INFO     00:00:09.40  Consumer: finish filtering chunk number 20
 2024-12-15 22:00:36,495 INFO     00:00:09.49  Producer:read 21 chunks and send it into input queue.
 2024-12-15 22:00:36,632 INFO     00:00:09.62  Consumer: finish filtering chunk number 21
 2024-12-15 22:00:36,751 INFO     00:00:09.74  Producer:read 22 chunks and send it into input queue.
 2024-12-15 22:00:36,910 INFO     00:00:09.90  Consumer: finish filtering chunk number 22
 2024-12-15 22:00:36,975 INFO     00:00:09.97  Producer:read 23 chunks and send it into input queue.
 2024-12-15 22:00:37,092 INFO     00:00:10.08  Consumer: finish filtering chunk number 23
 2024-12-15 22:00:37,203 INFO     00:00:10.20  Producer:read 24 chunks and send it into input queue.
 2024-12-15 22:00:37,342 INFO     00:00:10.33  Consumer: finish filtering chunk number 24
 2024-12-15 22:00:37,455 INFO     00:00:10.45  Producer:read 25 chunks and send it into input queue.
 2024-12-15 22:00:37,575 INFO     00:00:10.57  Consumer: finish filtering chunk number 25
 2024-12-15 22:00:37,659 INFO     00:00:10.65  Producer:read 26 chunks and send it into input queue.
 2024-12-15 22:00:37,791 INFO     00:00:10.78  Consumer: finish filtering chunk number 26
 2024-12-15 22:00:37,868 INFO     00:00:10.86  Producer:read 27 chunks and send it into input queue.
 2024-12-15 22:00:38,004 INFO     00:00:11.00  Consumer: finish filtering chunk number 27
 2024-12-15 22:00:38,078 INFO     00:00:11.07  Producer:read 28 chunks and send it into input queue.
 2024-12-15 22:00:38,220 INFO     00:00:11.21  Consumer: finish filtering chunk number 28
 2024-12-15 22:00:38,290 INFO     00:00:11.28  Producer:read 29 chunks and send it into input queue.
 2024-12-15 22:00:38,415 INFO     00:00:11.41  Consumer: finish filtering chunk number 29
 2024-12-15 22:00:38,514 INFO     00:00:11.51  Producer:read 30 chunks and send it into input queue.
 2024-12-15 22:00:38,657 INFO     00:00:11.65  Consumer: finish filtering chunk number 30
 2024-12-15 22:00:38,755 INFO     00:00:11.75  Producer:read 31 chunks and send it into input queue.
 2024-12-15 22:00:38,883 INFO     00:00:11.87  Consumer: finish filtering chunk number 31
 2024-12-15 22:00:38,965 INFO     00:00:11.96  Producer:read 32 chunks and send it into input queue.
 2024-12-15 22:00:39,077 INFO     00:00:12.07  Consumer: finish filtering chunk number 32
 2024-12-15 22:00:39,177 INFO     00:00:12.17  Producer:read 33 chunks and send it into input queue.
 2024-12-15 22:00:39,323 INFO     00:00:12.31  Consumer: finish filtering chunk number 33
 2024-12-15 22:00:39,416 INFO     00:00:12.41  Producer:read 34 chunks and send it into input queue.
 2024-12-15 22:00:39,545 INFO     00:00:12.54  Consumer: finish filtering chunk number 34
 2024-12-15 22:00:39,635 INFO     00:00:12.63  Producer:read 35 chunks and send it into input queue.
 2024-12-15 22:00:39,770 INFO     00:00:12.76  Consumer: finish filtering chunk number 35
 2024-12-15 22:00:39,871 INFO     00:00:12.86  Producer:read 36 chunks and send it into input queue.
 2024-12-15 22:00:40,015 INFO     00:00:13.01  Consumer: finish filtering chunk number 36
 2024-12-15 22:00:40,093 INFO     00:00:13.09  Producer:read 37 chunks and send it into input queue.
 2024-12-15 22:00:40,236 INFO     00:00:13.23  Consumer: finish filtering chunk number 37
 2024-12-15 22:00:40,317 INFO     00:00:13.31  Producer:read 38 chunks and send it into input queue.
 2024-12-15 22:00:40,462 INFO     00:00:13.45  Consumer: finish filtering chunk number 38
 2024-12-15 22:00:40,572 INFO     00:00:13.56  Producer:read 39 chunks and send it into input queue.
 2024-12-15 22:00:40,692 INFO     00:00:13.68  Consumer: finish filtering chunk number 39
 2024-12-15 22:00:40,802 INFO     00:00:13.79  Producer:read 40 chunks and send it into input queue.
 2024-12-15 22:00:40,931 INFO     00:00:13.92  Consumer: finish filtering chunk number 40
 2024-12-15 22:00:41,009 INFO     00:00:14.00  Producer:read 41 chunks and send it into input queue.
 2024-12-15 22:00:41,133 INFO     00:00:14.13  Consumer: finish filtering chunk number 41
 2024-12-15 22:00:41,224 INFO     00:00:14.22  Producer:read 42 chunks and send it into input queue.
 2024-12-15 22:00:41,380 INFO     00:00:14.37  Consumer: finish filtering chunk number 42
 2024-12-15 22:00:41,446 INFO     00:00:14.44  Producer:read 43 chunks and send it into input queue.
 2024-12-15 22:00:41,594 INFO     00:00:14.59  Consumer: finish filtering chunk number 43
 2024-12-15 22:00:41,707 INFO     00:00:14.70  Producer:read 44 chunks and send it into input queue.
 2024-12-15 22:00:41,843 INFO     00:00:14.84  Consumer: finish filtering chunk number 44
 2024-12-15 22:00:41,951 INFO     00:00:14.94  Producer:read 45 chunks and send it into input queue.
 2024-12-15 22:00:42,080 INFO     00:00:15.07  Consumer: finish filtering chunk number 45
 2024-12-15 22:00:42,181 INFO     00:00:15.17  Producer:read 46 chunks and send it into input queue.
 2024-12-15 22:00:42,305 INFO     00:00:15.30  Consumer: finish filtering chunk number 46
 2024-12-15 22:00:42,398 INFO     00:00:15.39  Producer:read 47 chunks and send it into input queue.
 2024-12-15 22:00:42,536 INFO     00:00:15.53  Consumer: finish filtering chunk number 47
 2024-12-15 22:00:42,645 INFO     00:00:15.64  Producer:read 48 chunks and send it into input queue.
 2024-12-15 22:00:42,776 INFO     00:00:15.77  Consumer: finish filtering chunk number 48
 2024-12-15 22:00:42,901 INFO     00:00:15.89  Producer:read 49 chunks and send it into input queue.
 2024-12-15 22:00:43,017 INFO     00:00:16.01  Consumer: finish filtering chunk number 49
 2024-12-15 22:00:43,115 INFO     00:00:16.11  Producer:read 50 chunks and send it into input queue.
 2024-12-15 22:00:43,285 INFO     00:00:16.28  Consumer: finish filtering chunk number 50
 2024-12-15 22:00:43,353 INFO     00:00:16.35  Producer:read 51 chunks and send it into input queue.
 2024-12-15 22:00:43,499 INFO     00:00:16.49  Consumer: finish filtering chunk number 51
 2024-12-15 22:00:43,590 INFO     00:00:16.58  Producer:read 52 chunks and send it into input queue.
 2024-12-15 22:00:43,735 INFO     00:00:16.73  Consumer: finish filtering chunk number 52
 2024-12-15 22:00:43,837 INFO     00:00:16.83  Producer:read 53 chunks and send it into input queue.
 2024-12-15 22:00:43,956 INFO     00:00:16.95  Consumer: finish filtering chunk number 53
 2024-12-15 22:00:44,075 INFO     00:00:17.07  Producer:read 54 chunks and send it into input queue.
 2024-12-15 22:00:44,229 INFO     00:00:17.22  Consumer: finish filtering chunk number 54
 2024-12-15 22:00:44,310 INFO     00:00:17.30  Producer:read 55 chunks and send it into input queue.
 2024-12-15 22:00:44,431 INFO     00:00:17.42  Consumer: finish filtering chunk number 55
 2024-12-15 22:00:44,501 INFO     00:00:17.49  Producer:read 56 chunks and send it into input queue.
 2024-12-15 22:00:44,642 INFO     00:00:17.63  Consumer: finish filtering chunk number 56
 2024-12-15 22:00:44,697 INFO     00:00:17.69  Producer:read 57 chunks and send it into input queue.
 2024-12-15 22:00:44,849 INFO     00:00:17.84  Consumer: finish filtering chunk number 57
 2024-12-15 22:00:44,927 INFO     00:00:17.92  Producer:read 58 chunks and send it into input queue.
 2024-12-15 22:00:45,070 INFO     00:00:18.06  Consumer: finish filtering chunk number 58
 2024-12-15 22:00:45,143 INFO     00:00:18.14  Producer:read 59 chunks and send it into input queue.
 2024-12-15 22:00:45,291 INFO     00:00:18.28  Consumer: finish filtering chunk number 59
 2024-12-15 22:00:45,352 INFO     00:00:18.34  Producer:read 60 chunks and send it into input queue.
 2024-12-15 22:00:45,507 INFO     00:00:18.50  Consumer: finish filtering chunk number 60
 2024-12-15 22:00:45,591 INFO     00:00:18.58  Producer:read 61 chunks and send it into input queue.
 2024-12-15 22:00:45,738 INFO     00:00:18.73  Consumer: finish filtering chunk number 61
 2024-12-15 22:00:45,814 INFO     00:00:18.81  Producer:read 62 chunks and send it into input queue.
 2024-12-15 22:00:45,952 INFO     00:00:18.94  Consumer: finish filtering chunk number 62
 2024-12-15 22:00:45,998 INFO     00:00:18.99  Producer:read 63 chunks and send it into input queue.
 2024-12-15 22:00:46,124 INFO     00:00:19.12  Consumer: finish filtering chunk number 63
 2024-12-15 22:00:46,216 INFO     00:00:19.21  Producer:read 64 chunks and send it into input queue.
 2024-12-15 22:00:46,363 INFO     00:00:19.36  Consumer: finish filtering chunk number 64
 2024-12-15 22:00:46,445 INFO     00:00:19.44  Producer:read 65 chunks and send it into input queue.
 2024-12-15 22:00:46,578 INFO     00:00:19.57  Consumer: finish filtering chunk number 65
 2024-12-15 22:00:46,686 INFO     00:00:19.68  Producer:read 66 chunks and send it into input queue.
 2024-12-15 22:00:46,828 INFO     00:00:19.82  Consumer: finish filtering chunk number 66
 2024-12-15 22:00:46,939 INFO     00:00:19.93  Producer:read 67 chunks and send it into input queue.
 2024-12-15 22:00:47,050 INFO     00:00:20.04  Consumer: finish filtering chunk number 67
 2024-12-15 22:00:47,128 INFO     00:00:20.12  Producer:read 68 chunks and send it into input queue.
 2024-12-15 22:00:47,270 INFO     00:00:20.26  Consumer: finish filtering chunk number 68
 2024-12-15 22:00:47,397 INFO     00:00:20.39  Producer:read 69 chunks and send it into input queue.
 2024-12-15 22:00:47,534 INFO     00:00:20.53  Consumer: finish filtering chunk number 69
 2024-12-15 22:00:47,649 INFO     00:00:20.64  Producer:read 70 chunks and send it into input queue.
 2024-12-15 22:00:47,793 INFO     00:00:20.79  Consumer: finish filtering chunk number 70
 2024-12-15 22:00:47,888 INFO     00:00:20.88  Producer:read 71 chunks and send it into input queue.
 2024-12-15 22:00:48,025 INFO     00:00:21.02  Consumer: finish filtering chunk number 71
 2024-12-15 22:00:48,142 INFO     00:00:21.13  Producer:read 72 chunks and send it into input queue.
 2024-12-15 22:00:48,286 INFO     00:00:21.28  Consumer: finish filtering chunk number 72
 2024-12-15 22:00:48,390 INFO     00:00:21.38  Producer:read 73 chunks and send it into input queue.
 2024-12-15 22:00:48,541 INFO     00:00:21.53  Consumer: finish filtering chunk number 73
 2024-12-15 22:00:48,621 INFO     00:00:21.61  Producer:read 74 chunks and send it into input queue.
 2024-12-15 22:00:48,763 INFO     00:00:21.76  Consumer: finish filtering chunk number 74
 2024-12-15 22:00:48,854 INFO     00:00:21.85  Producer:read 75 chunks and send it into input queue.
 2024-12-15 22:00:49,003 INFO     00:00:22.00  Consumer: finish filtering chunk number 75
 2024-12-15 22:00:49,087 INFO     00:00:22.08  Producer:read 76 chunks and send it into input queue.
 2024-12-15 22:00:49,234 INFO     00:00:22.23  Consumer: finish filtering chunk number 76
 2024-12-15 22:00:49,298 INFO     00:00:22.29  Producer:read 77 chunks and send it into input queue.
 2024-12-15 22:00:49,450 INFO     00:00:22.44  Consumer: finish filtering chunk number 77
 2024-12-15 22:00:49,549 INFO     00:00:22.54  Producer:read 78 chunks and send it into input queue.
 2024-12-15 22:00:49,659 INFO     00:00:22.65  Consumer: finish filtering chunk number 78
 2024-12-15 22:00:49,753 INFO     00:00:22.74  Producer:read 79 chunks and send it into input queue.
 2024-12-15 22:00:49,871 INFO     00:00:22.86  Consumer: finish filtering chunk number 79
 2024-12-15 22:00:49,942 INFO     00:00:22.93  Producer:read 80 chunks and send it into input queue.
 2024-12-15 22:00:50,125 INFO     00:00:23.12  Consumer: finish filtering chunk number 80
 2024-12-15 22:00:50,180 INFO     00:00:23.17  Producer:read 81 chunks and send it into input queue.
 2024-12-15 22:00:50,307 INFO     00:00:23.30  Consumer: finish filtering chunk number 81
 2024-12-15 22:00:50,406 INFO     00:00:23.40  Producer:read 82 chunks and send it into input queue.
 2024-12-15 22:00:50,545 INFO     00:00:23.54  Consumer: finish filtering chunk number 82
 2024-12-15 22:00:50,613 INFO     00:00:23.61  Producer:read 83 chunks and send it into input queue.
 2024-12-15 22:00:50,739 INFO     00:00:23.73  Consumer: finish filtering chunk number 83
 2024-12-15 22:00:50,838 INFO     00:00:23.83  Producer:read 84 chunks and send it into input queue.
 2024-12-15 22:00:50,985 INFO     00:00:23.98  Consumer: finish filtering chunk number 84
 2024-12-15 22:00:51,052 INFO     00:00:24.04  Producer:read 85 chunks and send it into input queue.
 2024-12-15 22:00:51,208 INFO     00:00:24.20  Consumer: finish filtering chunk number 85
 2024-12-15 22:00:51,292 INFO     00:00:24.28  Producer:read 86 chunks and send it into input queue.
 2024-12-15 22:00:51,426 INFO     00:00:24.42  Consumer: finish filtering chunk number 86
 2024-12-15 22:00:51,530 INFO     00:00:24.52  Producer:read 87 chunks and send it into input queue.
 2024-12-15 22:00:51,660 INFO     00:00:24.65  Consumer: finish filtering chunk number 87
 2024-12-15 22:00:51,706 INFO     00:00:24.70  Producer:read 88 chunks and send it into input queue.
 2024-12-15 22:00:51,836 INFO     00:00:24.83  Consumer: finish filtering chunk number 88
 2024-12-15 22:00:51,935 INFO     00:00:24.93  Producer:read 89 chunks and send it into input queue.
 2024-12-15 22:00:52,086 INFO     00:00:25.08  Consumer: finish filtering chunk number 89
 2024-12-15 22:00:52,177 INFO     00:00:25.17  Producer:read 90 chunks and send it into input queue.
 2024-12-15 22:00:52,310 INFO     00:00:25.30  Consumer: finish filtering chunk number 90
 2024-12-15 22:00:52,401 INFO     00:00:25.39  Producer:read 91 chunks and send it into input queue.
 2024-12-15 22:00:52,557 INFO     00:00:25.55  Consumer: finish filtering chunk number 91
 2024-12-15 22:00:52,651 INFO     00:00:25.64  Producer:read 92 chunks and send it into input queue.
 2024-12-15 22:00:52,793 INFO     00:00:25.78  Consumer: finish filtering chunk number 92
 2024-12-15 22:00:52,891 INFO     00:00:25.88  Producer:read 93 chunks and send it into input queue.
 2024-12-15 22:00:53,024 INFO     00:00:26.02  Consumer: finish filtering chunk number 93
 2024-12-15 22:00:53,123 INFO     00:00:26.12  Producer:read 94 chunks and send it into input queue.
 2024-12-15 22:00:53,256 INFO     00:00:26.25  Consumer: finish filtering chunk number 94
 2024-12-15 22:00:53,359 INFO     00:00:26.35  Producer:read 95 chunks and send it into input queue.
 2024-12-15 22:00:53,502 INFO     00:00:26.49  Consumer: finish filtering chunk number 95
 2024-12-15 22:00:53,545 INFO     00:00:26.54  Producer:read 96 chunks and send it into input queue.
 2024-12-15 22:00:53,671 INFO     00:00:26.66  Consumer: finish filtering chunk number 96
 2024-12-15 22:00:53,774 INFO     00:00:26.77  Producer:read 97 chunks and send it into input queue.
 2024-12-15 22:00:53,901 INFO     00:00:26.89  Consumer: finish filtering chunk number 97
 2024-12-15 22:00:54,003 INFO     00:00:27.00  Producer:read 98 chunks and send it into input queue.
 2024-12-15 22:00:54,135 INFO     00:00:27.13  Consumer: finish filtering chunk number 98
 2024-12-15 22:00:54,244 INFO     00:00:27.24  Producer:read 99 chunks and send it into input queue.
 2024-12-15 22:00:54,377 INFO     00:00:27.37  Consumer: finish filtering chunk number 99
 2024-12-15 22:00:54,480 INFO     00:00:27.47  Producer:read 100 chunks and send it into input queue.
 2024-12-15 22:00:54,487 INFO     00:00:27.48  Producer: finish reading all chunks.
 2024-12-15 22:00:54,492 INFO     00:00:27.48  Consumer:finish of filtering chunks using AhoCorasick.
 2024-12-15 22:00:54,635 INFO     00:00:27.63  Consumer: finish filtering chunk number 100
 2024-12-15 22:00:54,637 INFO     00:00:27.63  Consumer:finish of filtering chunks using AhoCorasick.
 2024-12-15 22:00:54,890 INFO     00:00:27.88  Writer:starting write excel and csv files statistics ....
 2024-12-15 22:00:54,992 INFO     00:00:27.98  Writer:finish of write excel and csv files statistics .
 2024-12-15 22:03:47,866 INFO     Main: run in hybird
 2024-12-15 22:03:50,026 INFO     00:00:04.88  consumer:start filtering chunks using AhoCorasick.
 2024-12-15 22:03:50,058 INFO     00:00:04.92  Producer: start reading chunks.
 2024-12-15 22:03:50,060 INFO     Initializing RarFile object...
 2024-12-15 22:03:50,062 INFO     RarFile object initialized successfully.
 2024-12-15 22:03:50,660 INFO     00:00:05.52  Producer:read 1 chunks and send it into input queue.
 2024-12-15 22:03:50,829 INFO     00:00:05.69  Consumer: finish filtering chunk number 1
 2024-12-15 22:03:50,922 INFO     00:00:05.78  Producer:read 2 chunks and send it into input queue.
 2024-12-15 22:03:51,131 INFO     00:00:05.99  Consumer: finish filtering chunk number 2
 2024-12-15 22:03:51,171 INFO     00:00:06.03  Producer:read 3 chunks and send it into input queue.
 2024-12-15 22:03:51,326 INFO     00:00:06.18  Consumer: finish filtering chunk number 3
 2024-12-15 22:03:51,387 INFO     00:00:06.25  Producer:read 4 chunks and send it into input queue.
 2024-12-15 22:03:51,666 INFO     00:00:06.52  Consumer: finish filtering chunk number 4
 2024-12-15 22:03:51,703 INFO     00:00:06.56  Producer:read 5 chunks and send it into input queue.
 2024-12-15 22:03:51,982 INFO     00:00:06.84  Consumer: finish filtering chunk number 5
 2024-12-15 22:03:52,002 INFO     00:00:06.86  Producer:read 6 chunks and send it into input queue.
 2024-12-15 22:03:52,193 INFO     00:00:07.05  Consumer: finish filtering chunk number 6
 2024-12-15 22:03:52,206 INFO     00:00:07.06  consumer:start filtering chunks using AhoCorasick.
 2024-12-15 22:03:52,208 INFO     00:00:07.07  Producer:read 7 chunks and send it into input queue.
 2024-12-15 22:03:52,343 INFO     00:00:07.20  Consumer: finish filtering chunk number 7
 2024-12-15 22:03:52,424 INFO     00:00:07.28  Producer:read 8 chunks and send it into input queue.
 2024-12-15 22:03:52,553 INFO     00:00:07.41  Consumer: finish filtering chunk number 8
 2024-12-15 22:03:52,648 INFO     00:00:07.51  Producer:read 9 chunks and send it into input queue.
 2024-12-15 22:03:52,790 INFO     00:00:07.65  Consumer: finish filtering chunk number 9
 2024-12-15 22:03:52,878 INFO     00:00:07.74  Producer:read 10 chunks and send it into input queue.
 2024-12-15 22:03:53,037 INFO     00:00:07.89  Consumer: finish filtering chunk number 10
 2024-12-15 22:03:53,112 INFO     00:00:07.97  Producer:read 11 chunks and send it into input queue.
 2024-12-15 22:03:53,266 INFO     00:00:08.12  Consumer: finish filtering chunk number 11
 2024-12-15 22:03:53,365 INFO     00:00:08.22  Producer:read 12 chunks and send it into input queue.
 2024-12-15 22:03:53,485 INFO     00:00:08.34  Consumer: finish filtering chunk number 12
 2024-12-15 22:03:53,598 INFO     00:00:08.46  Producer:read 13 chunks and send it into input queue.
 2024-12-15 22:03:53,733 INFO     00:00:08.59  Consumer: finish filtering chunk number 13
 2024-12-15 22:03:53,792 INFO     00:00:08.65  Producer:read 14 chunks and send it into input queue.
 2024-12-15 22:03:53,915 INFO     00:00:08.77  Consumer: finish filtering chunk number 14
 2024-12-15 22:03:54,021 INFO     00:00:08.88  Producer:read 15 chunks and send it into input queue.
 2024-12-15 22:03:54,165 INFO     00:00:09.02  Consumer: finish filtering chunk number 15
 2024-12-15 22:03:54,246 INFO     00:00:09.10  Producer:read 16 chunks and send it into input queue.
 2024-12-15 22:03:54,381 INFO     00:00:09.24  Consumer: finish filtering chunk number 16
 2024-12-15 22:03:54,497 INFO     00:00:09.36  Producer:read 17 chunks and send it into input queue.
 2024-12-15 22:03:54,621 INFO     00:00:09.48  Consumer: finish filtering chunk number 17
 2024-12-15 22:03:54,749 INFO     00:00:09.61  Producer:read 18 chunks and send it into input queue.
 2024-12-15 22:03:54,890 INFO     00:00:09.75  Consumer: finish filtering chunk number 18
 2024-12-15 22:03:54,989 INFO     00:00:09.85  Producer:read 19 chunks and send it into input queue.
 2024-12-15 22:03:55,119 INFO     00:00:09.98  Consumer: finish filtering chunk number 19
 2024-12-15 22:03:55,224 INFO     00:00:10.08  Producer:read 20 chunks and send it into input queue.
 2024-12-15 22:03:55,354 INFO     00:00:10.21  Consumer: finish filtering chunk number 20
 2024-12-15 22:03:55,401 INFO     00:00:10.26  Producer:read 21 chunks and send it into input queue.
 2024-12-15 22:03:55,550 INFO     00:00:10.41  Consumer: finish filtering chunk number 21
 2024-12-15 22:03:55,620 INFO     00:00:10.48  Producer:read 22 chunks and send it into input queue.
 2024-12-15 22:03:55,810 INFO     00:00:10.67  Consumer: finish filtering chunk number 22
 2024-12-15 22:03:55,835 INFO     00:00:10.69  Producer:read 23 chunks and send it into input queue.
 2024-12-15 22:03:56,047 INFO     00:00:10.90  Consumer: finish filtering chunk number 23
 2024-12-15 22:03:56,070 INFO     00:00:10.93  Producer:read 24 chunks and send it into input queue.
 2024-12-15 22:03:56,181 INFO     00:00:11.04  Consumer: finish filtering chunk number 24
 2024-12-15 22:03:56,296 INFO     00:00:11.15  Producer:read 25 chunks and send it into input queue.
 2024-12-15 22:03:56,428 INFO     00:00:11.29  Consumer: finish filtering chunk number 25
 2024-12-15 22:03:56,523 INFO     00:00:11.38  Producer:read 26 chunks and send it into input queue.
 2024-12-15 22:03:56,674 INFO     00:00:11.53  Consumer: finish filtering chunk number 26
 2024-12-15 22:03:56,772 INFO     00:00:11.63  Producer:read 27 chunks and send it into input queue.
 2024-12-15 22:03:56,905 INFO     00:00:11.76  Consumer: finish filtering chunk number 27
 2024-12-15 22:03:57,001 INFO     00:00:11.86  Producer:read 28 chunks and send it into input queue.
 2024-12-15 22:03:57,152 INFO     00:00:12.01  Consumer: finish filtering chunk number 28
 2024-12-15 22:03:57,203 INFO     00:00:12.06  Producer:read 29 chunks and send it into input queue.
 2024-12-15 22:03:57,330 INFO     00:00:12.19  Consumer: finish filtering chunk number 29
 2024-12-15 22:03:57,408 INFO     00:00:12.27  Producer:read 30 chunks and send it into input queue.
 2024-12-15 22:03:57,523 INFO     00:00:12.38  Consumer: finish filtering chunk number 30
 2024-12-15 22:03:57,641 INFO     00:00:12.50  Producer:read 31 chunks and send it into input queue.
 2024-12-15 22:03:57,784 INFO     00:00:12.64  Consumer: finish filtering chunk number 31
 2024-12-15 22:03:57,854 INFO     00:00:12.71  Producer:read 32 chunks and send it into input queue.
 2024-12-15 22:03:57,993 INFO     00:00:12.85  Consumer: finish filtering chunk number 32
 2024-12-15 22:03:58,092 INFO     00:00:12.95  Producer:read 33 chunks and send it into input queue.
 2024-12-15 22:03:58,248 INFO     00:00:13.11  Consumer: finish filtering chunk number 33
 2024-12-15 22:03:58,351 INFO     00:00:13.21  Producer:read 34 chunks and send it into input queue.
 2024-12-15 22:03:58,468 INFO     00:00:13.33  Consumer: finish filtering chunk number 34
 2024-12-15 22:03:58,559 INFO     00:00:13.42  Producer:read 35 chunks and send it into input queue.
 2024-12-15 22:03:58,715 INFO     00:00:13.57  Consumer: finish filtering chunk number 35
 2024-12-15 22:03:58,800 INFO     00:00:13.66  Producer:read 36 chunks and send it into input queue.
 2024-12-15 22:03:58,964 INFO     00:00:13.82  Consumer: finish filtering chunk number 36
 2024-12-15 22:03:59,073 INFO     00:00:13.93  Producer:read 37 chunks and send it into input queue.
 2024-12-15 22:03:59,227 INFO     00:00:14.08  Consumer: finish filtering chunk number 37
 2024-12-15 22:03:59,295 INFO     00:00:14.15  Producer:read 38 chunks and send it into input queue.
 2024-12-15 22:03:59,444 INFO     00:00:14.30  Consumer: finish filtering chunk number 38
 2024-12-15 22:03:59,548 INFO     00:00:14.41  Producer:read 39 chunks and send it into input queue.
 2024-12-15 22:03:59,671 INFO     00:00:14.53  Consumer: finish filtering chunk number 39
 2024-12-15 22:03:59,802 INFO     00:00:14.66  Producer:read 40 chunks and send it into input queue.
 2024-12-15 22:03:59,977 INFO     00:00:14.84  Consumer: finish filtering chunk number 40
 2024-12-15 22:04:00,027 INFO     00:00:14.89  Producer:read 41 chunks and send it into input queue.
 2024-12-15 22:04:00,178 INFO     00:00:15.04  Consumer: finish filtering chunk number 41
 2024-12-15 22:04:00,221 INFO     00:00:15.08  Producer:read 42 chunks and send it into input queue.
 2024-12-15 22:04:00,360 INFO     00:00:15.22  Consumer: finish filtering chunk number 42
 2024-12-15 22:04:00,434 INFO     00:00:15.29  Producer:read 43 chunks and send it into input queue.
 2024-12-15 22:04:00,557 INFO     00:00:15.42  Consumer: finish filtering chunk number 43
 2024-12-15 22:04:00,678 INFO     00:00:15.54  Producer:read 44 chunks and send it into input queue.
 2024-12-15 22:04:00,800 INFO     00:00:15.66  Consumer: finish filtering chunk number 44
 2024-12-15 22:04:00,946 INFO     00:00:15.80  Producer:read 45 chunks and send it into input queue.
 2024-12-15 22:04:01,081 INFO     00:00:15.94  Consumer: finish filtering chunk number 45
 2024-12-15 22:04:01,176 INFO     00:00:16.03  Producer:read 46 chunks and send it into input queue.
 2024-12-15 22:04:01,300 INFO     00:00:16.16  Consumer: finish filtering chunk number 46
 2024-12-15 22:04:01,399 INFO     00:00:16.26  Producer:read 47 chunks and send it into input queue.
 2024-12-15 22:04:01,547 INFO     00:00:16.41  Consumer: finish filtering chunk number 47
 2024-12-15 22:04:01,632 INFO     00:00:16.49  Producer:read 48 chunks and send it into input queue.
 2024-12-15 22:04:01,761 INFO     00:00:16.62  Consumer: finish filtering chunk number 48
 2024-12-15 22:04:01,883 INFO     00:00:16.74  Producer:read 49 chunks and send it into input queue.
 2024-12-15 22:04:02,033 INFO     00:00:16.89  Consumer: finish filtering chunk number 49
 2024-12-15 22:04:02,145 INFO     00:00:17.00  Producer:read 50 chunks and send it into input queue.
 2024-12-15 22:04:02,292 INFO     00:00:17.15  Consumer: finish filtering chunk number 50
 2024-12-15 22:04:02,390 INFO     00:00:17.25  Producer:read 51 chunks and send it into input queue.
 2024-12-15 22:04:02,519 INFO     00:00:17.38  Consumer: finish filtering chunk number 51
 2024-12-15 22:04:02,614 INFO     00:00:17.47  Producer:read 52 chunks and send it into input queue.
 2024-12-15 22:04:02,759 INFO     00:00:17.62  Consumer: finish filtering chunk number 52
 2024-12-15 22:04:02,851 INFO     00:00:17.71  Producer:read 53 chunks and send it into input queue.
 2024-12-15 22:04:03,010 INFO     00:00:17.87  Consumer: finish filtering chunk number 53
 2024-12-15 22:04:03,093 INFO     00:00:17.95  Producer:read 54 chunks and send it into input queue.
 2024-12-15 22:04:03,259 INFO     00:00:18.12  Consumer: finish filtering chunk number 54
 2024-12-15 22:04:03,374 INFO     00:00:18.23  Producer:read 55 chunks and send it into input queue.
 2024-12-15 22:04:03,512 INFO     00:00:18.37  Consumer: finish filtering chunk number 55
 2024-12-15 22:04:03,571 INFO     00:00:18.43  Producer:read 56 chunks and send it into input queue.
 2024-12-15 22:04:03,697 INFO     00:00:18.56  Consumer: finish filtering chunk number 56
 2024-12-15 22:04:03,820 INFO     00:00:18.68  Producer:read 57 chunks and send it into input queue.
 2024-12-15 22:04:03,954 INFO     00:00:18.81  Consumer: finish filtering chunk number 57
 2024-12-15 22:04:04,008 INFO     00:00:18.87  Producer:read 58 chunks and send it into input queue.
 2024-12-15 22:04:04,146 INFO     00:00:19.00  Consumer: finish filtering chunk number 58
 2024-12-15 22:04:04,242 INFO     00:00:19.10  Producer:read 59 chunks and send it into input queue.
 2024-12-15 22:04:04,375 INFO     00:00:19.23  Consumer: finish filtering chunk number 59
 2024-12-15 22:04:04,437 INFO     00:00:19.30  Producer:read 60 chunks and send it into input queue.
 2024-12-15 22:04:04,596 INFO     00:00:19.45  Consumer: finish filtering chunk number 60
 2024-12-15 22:04:04,680 INFO     00:00:19.54  Producer:read 61 chunks and send it into input queue.
 2024-12-15 22:04:04,826 INFO     00:00:19.68  Consumer: finish filtering chunk number 61
 2024-12-15 22:04:04,922 INFO     00:00:19.78  Producer:read 62 chunks and send it into input queue.
 2024-12-15 22:04:05,042 INFO     00:00:19.90  Consumer: finish filtering chunk number 62
 2024-12-15 22:04:05,100 INFO     00:00:19.96  Producer:read 63 chunks and send it into input queue.
 2024-12-15 22:04:05,255 INFO     00:00:20.11  Consumer: finish filtering chunk number 63
 2024-12-15 22:04:05,342 INFO     00:00:20.20  Producer:read 64 chunks and send it into input queue.
 2024-12-15 22:04:05,478 INFO     00:00:20.34  Consumer: finish filtering chunk number 64
 2024-12-15 22:04:05,542 INFO     00:00:20.40  Producer:read 65 chunks and send it into input queue.
 2024-12-15 22:04:05,682 INFO     00:00:20.54  Consumer: finish filtering chunk number 65
 2024-12-15 22:04:05,766 INFO     00:00:20.62  Producer:read 66 chunks and send it into input queue.
 2024-12-15 22:04:05,876 INFO     00:00:20.73  Consumer: finish filtering chunk number 66
 2024-12-15 22:04:05,975 INFO     00:00:20.83  Producer:read 67 chunks and send it into input queue.
 2024-12-15 22:04:06,109 INFO     00:00:20.97  Consumer: finish filtering chunk number 67
 2024-12-15 22:04:06,192 INFO     00:00:21.05  Producer:read 68 chunks and send it into input queue.
 2024-12-15 22:04:06,331 INFO     00:00:21.19  Consumer: finish filtering chunk number 68
 2024-12-15 22:04:06,452 INFO     00:00:21.31  Producer:read 69 chunks and send it into input queue.
 2024-12-15 22:04:06,575 INFO     00:00:21.43  Consumer: finish filtering chunk number 69
 2024-12-15 22:04:06,680 INFO     00:00:21.54  Producer:read 70 chunks and send it into input queue.
 2024-12-15 22:04:06,825 INFO     00:00:21.68  Consumer: finish filtering chunk number 70
 2024-12-15 22:04:06,892 INFO     00:00:21.75  Producer:read 71 chunks and send it into input queue.
 2024-12-15 22:04:07,037 INFO     00:00:21.90  Consumer: finish filtering chunk number 71
 2024-12-15 22:04:07,143 INFO     00:00:22.00  Producer:read 72 chunks and send it into input queue.
 2024-12-15 22:04:07,285 INFO     00:00:22.14  Consumer: finish filtering chunk number 72
 2024-12-15 22:04:07,384 INFO     00:00:22.24  Producer:read 73 chunks and send it into input queue.
 2024-12-15 22:04:07,496 INFO     00:00:22.35  Consumer: finish filtering chunk number 73
 2024-12-15 22:04:07,569 INFO     00:00:22.43  Producer:read 74 chunks and send it into input queue.
 2024-12-15 22:04:07,702 INFO     00:00:22.56  Consumer: finish filtering chunk number 74
 2024-12-15 22:04:07,798 INFO     00:00:22.66  Producer:read 75 chunks and send it into input queue.
 2024-12-15 22:04:07,935 INFO     00:00:22.79  Consumer: finish filtering chunk number 75
 2024-12-15 22:04:08,048 INFO     00:00:22.91  Producer:read 76 chunks and send it into input queue.
 2024-12-15 22:04:08,177 INFO     00:00:23.04  Consumer: finish filtering chunk number 76
 2024-12-15 22:04:08,274 INFO     00:00:23.13  Producer:read 77 chunks and send it into input queue.
 2024-12-15 22:04:08,385 INFO     00:00:23.24  Consumer: finish filtering chunk number 77
 2024-12-15 22:04:08,501 INFO     00:00:23.36  Producer:read 78 chunks and send it into input queue.
 2024-12-15 22:04:08,634 INFO     00:00:23.49  Consumer: finish filtering chunk number 78
 2024-12-15 22:04:08,751 INFO     00:00:23.61  Producer:read 79 chunks and send it into input queue.
 2024-12-15 22:04:08,897 INFO     00:00:23.75  Consumer: finish filtering chunk number 79
 2024-12-15 22:04:08,956 INFO     00:00:23.81  Producer:read 80 chunks and send it into input queue.
 2024-12-15 22:04:09,078 INFO     00:00:23.94  Consumer: finish filtering chunk number 80
 2024-12-15 22:04:09,170 INFO     00:00:24.03  Producer:read 81 chunks and send it into input queue.
 2024-12-15 22:04:09,330 INFO     00:00:24.19  Consumer: finish filtering chunk number 81
 2024-12-15 22:04:09,426 INFO     00:00:24.28  Producer:read 82 chunks and send it into input queue.
 2024-12-15 22:04:09,604 INFO     00:00:24.46  Consumer: finish filtering chunk number 82
 2024-12-15 22:04:09,653 INFO     00:00:24.51  Producer:read 83 chunks and send it into input queue.
 2024-12-15 22:04:09,817 INFO     00:00:24.67  Consumer: finish filtering chunk number 83
 2024-12-15 22:04:09,862 INFO     00:00:24.72  Producer:read 84 chunks and send it into input queue.
 2024-12-15 22:04:09,988 INFO     00:00:24.85  Consumer: finish filtering chunk number 84
 2024-12-15 22:04:10,059 INFO     00:00:24.92  Producer:read 85 chunks and send it into input queue.
 2024-12-15 22:04:10,212 INFO     00:00:25.07  Consumer: finish filtering chunk number 85
 2024-12-15 22:04:10,286 INFO     00:00:25.14  Producer:read 86 chunks and send it into input queue.
 2024-12-15 22:04:10,402 INFO     00:00:25.26  Consumer: finish filtering chunk number 86
 2024-12-15 22:04:10,505 INFO     00:00:25.36  Producer:read 87 chunks and send it into input queue.
 2024-12-15 22:04:10,635 INFO     00:00:25.49  Consumer: finish filtering chunk number 87
 2024-12-15 22:04:10,735 INFO     00:00:25.59  Producer:read 88 chunks and send it into input queue.
 2024-12-15 22:04:10,873 INFO     00:00:25.73  Consumer: finish filtering chunk number 88
 2024-12-15 22:04:11,010 INFO     00:00:25.87  Producer:read 89 chunks and send it into input queue.
 2024-12-15 22:04:11,174 INFO     00:00:26.03  Consumer: finish filtering chunk number 89
 2024-12-15 22:04:11,278 INFO     00:00:26.14  Producer:read 90 chunks and send it into input queue.
 2024-12-15 22:04:11,430 INFO     00:00:26.29  Consumer: finish filtering chunk number 90
 2024-12-15 22:04:11,498 INFO     00:00:26.36  Producer:read 91 chunks and send it into input queue.
 2024-12-15 22:04:11,641 INFO     00:00:26.50  Consumer: finish filtering chunk number 91
 2024-12-15 22:04:11,750 INFO     00:00:26.61  Producer:read 92 chunks and send it into input queue.
 2024-12-15 22:04:11,923 INFO     00:00:26.78  Consumer: finish filtering chunk number 92
 2024-12-15 22:04:11,969 INFO     00:00:26.83  Producer:read 93 chunks and send it into input queue.
 2024-12-15 22:04:12,098 INFO     00:00:26.96  Consumer: finish filtering chunk number 93
 2024-12-15 22:04:12,185 INFO     00:00:27.04  Producer:read 94 chunks and send it into input queue.
 2024-12-15 22:04:12,338 INFO     00:00:27.20  Consumer: finish filtering chunk number 94
 2024-12-15 22:04:12,392 INFO     00:00:27.25  Producer:read 95 chunks and send it into input queue.
 2024-12-15 22:04:12,532 INFO     00:00:27.39  Consumer: finish filtering chunk number 95
 2024-12-15 22:04:12,588 INFO     00:00:27.45  Producer:read 96 chunks and send it into input queue.
 2024-12-15 22:04:12,729 INFO     00:00:27.59  Consumer: finish filtering chunk number 96
 2024-12-15 22:04:12,818 INFO     00:00:27.68  Producer:read 97 chunks and send it into input queue.
 2024-12-15 22:04:12,951 INFO     00:00:27.81  Consumer: finish filtering chunk number 97
 2024-12-15 22:04:13,047 INFO     00:00:27.91  Producer:read 98 chunks and send it into input queue.
 2024-12-15 22:04:13,194 INFO     00:00:28.05  Consumer: finish filtering chunk number 98
 2024-12-15 22:04:13,303 INFO     00:00:28.16  Producer:read 99 chunks and send it into input queue.
 2024-12-15 22:04:13,441 INFO     00:00:28.30  Consumer: finish filtering chunk number 99
 2024-12-15 22:04:13,514 INFO     00:00:28.37  Producer:read 100 chunks and send it into input queue.
 2024-12-15 22:04:13,540 INFO     00:00:28.40  Producer: finish reading all chunks.
 2024-12-15 22:04:13,544 INFO     00:00:28.40  Consumer:finish of filtering chunks using AhoCorasick.
 2024-12-15 22:04:13,687 INFO     00:00:28.54  Consumer: finish filtering chunk number 100
 2024-12-15 22:04:13,690 INFO     00:00:28.55  Consumer:finish of filtering chunks using AhoCorasick.
 2024-12-15 22:04:13,828 INFO     00:00:28.69  Writer:starting write excel and csv files statistics ....
 2024-12-15 22:04:14,058 INFO     00:00:28.92  Writer:finish of write excel and csv files statistics .
